weiboSDKDemo/build/outputs/logs/manifest-merger-debug-report.txt
-- Merging decision tree log ---
manifest
ADDED from src/main/AndroidManifest.xml:2:1-146:12
	package
		ADDED from src/main/AndroidManifest.xml:4:5-36
		INJECTED from src/main/AndroidManifest.xml
		INJECTED from src/main/AndroidManifest.xml
	android:versionName
		ADDED from src/main/AndroidManifest.xml:6:5-32
		INJECTED from src/main/AndroidManifest.xml
		INJECTED from src/main/AndroidManifest.xml
	xmlns:tools
		ADDED from src/main/AndroidManifest.xml:3:5-51
	android:versionCode
		ADDED from src/main/AndroidManifest.xml:5:5-28
		INJECTED from src/main/AndroidManifest.xml
		INJECTED from src/main/AndroidManifest.xml
	xmlns:android
		ADDED from src/main/AndroidManifest.xml:2:11-69
uses-permission#android.permission.INTERNET
ADDED from src/main/AndroidManifest.xml:7:5-67
	android:name
		ADDED from src/main/AndroidManifest.xml:7:22-64
uses-permission#android.permission.ACCESS_WIFI_STATE
ADDED from src/main/AndroidManifest.xml:8:5-76
	android:name
		ADDED from src/main/AndroidManifest.xml:8:22-73
uses-permission#android.permission.ACCESS_NETWORK_STATE
ADDED from src/main/AndroidManifest.xml:9:5-79
	android:name
		ADDED from src/main/AndroidManifest.xml:9:22-76
uses-permission#android.permission.WRITE_EXTERNAL_STORAGE
ADDED from src/main/AndroidManifest.xml:10:5-81
	android:name
		ADDED from src/main/AndroidManifest.xml:10:22-78
uses-permission#android.permission.READ_PHONE_STATE
ADDED from src/main/AndroidManifest.xml:12:5-75
	android:name
		ADDED from src/main/AndroidManifest.xml:12:22-72
uses-sdk
ADDED from src/main/AndroidManifest.xml:13:5-59
MERGED from [monicaSmithSina:weiboSDK:unspecified] AndroidManifest.xml:7:5-9:41
MERGED from [com.android.support:support-v4:20.0.0] AndroidManifest.xml:16:5-42
MERGED from [com.android.support:support-v4:20.0.0] AndroidManifest.xml:16:5-42
	tools:overrideLibrary
		ADDED from src/main/AndroidManifest.xml:13:15-57
	android:targetSdkVersion
		INJECTED from src/main/AndroidManifest.xml
		INJECTED from src/main/AndroidManifest.xml
	android:minSdkVersion
		INJECTED from src/main/AndroidManifest.xml
		INJECTED from src/main/AndroidManifest.xml
application
ADDED from src/main/AndroidManifest.xml:14:5-144:19
MERGED from [com.android.support:support-v4:20.0.0] AndroidManifest.xml:17:5-19
MERGED from [com.android.support:support-v4:20.0.0] AndroidManifest.xml:17:5-19
	android:label
		ADDED from src/main/AndroidManifest.xml:17:9-41
	android:allowBackup
		ADDED from src/main/AndroidManifest.xml:15:9-35
	android:icon
		ADDED from src/main/AndroidManifest.xml:16:9-38
	android:theme
		ADDED from src/main/AndroidManifest.xml:18:9-67
activity#monica.sina.test.demo.WBDemoMainActivity
ADDED from src/main/AndroidManifest.xml:20:9-65
	android:name
		ADDED from src/main/AndroidManifest.xml:20:19-53
activity#monica.sina.test.demo.Load
ADDED from src/main/AndroidManifest.xml:21:9-28:20
	android:label
		ADDED from src/main/AndroidManifest.xml:23:13-45
	android:name
		ADDED from src/main/AndroidManifest.xml:22:13-33
intent-filter#android.intent.action.MAIN+android.intent.category.LAUNCHER
ADDED from src/main/AndroidManifest.xml:24:13-27:29
action#android.intent.action.MAIN
ADDED from src/main/AndroidManifest.xml:25:17-69
	android:name
		ADDED from src/main/AndroidManifest.xml:25:25-66
category#android.intent.category.LAUNCHER
ADDED from src/main/AndroidManifest.xml:26:17-77
	android:name
		ADDED from src/main/AndroidManifest.xml:26:27-74
activity#monica.sina.test.demo.WBAuthActivity
ADDED from src/main/AndroidManifest.xml:31:9-73
	android:name
		ADDED from src/main/AndroidManifest.xml:31:19-70
activity#monica.sina.test.demo.WBAuthCodeActivity
ADDED from src/main/AndroidManifest.xml:32:9-77
	android:name
		ADDED from src/main/AndroidManifest.xml:32:19-74
activity#monica.sina.test.demo.WBShareMainActivity
ADDED from src/main/AndroidManifest.xml:33:9-78
	android:name
		ADDED from src/main/AndroidManifest.xml:33:19-75
activity#monica.sina.test.demo.WBShareActivity
ADDED from src/main/AndroidManifest.xml:36:9-44:20
	android:screenOrientation
		ADDED from src/main/AndroidManifest.xml:39:13-49
	android:configChanges
		ADDED from src/main/AndroidManifest.xml:38:13-63
	android:name
		ADDED from src/main/AndroidManifest.xml:37:13-65
intent-filter#android.intent.category.DEFAULT+com.sina.weibo.sdk.action.ACTION_SDK_REQ_ACTIVITY
ADDED from src/main/AndroidManifest.xml:40:13-43:29
action#com.sina.weibo.sdk.action.ACTION_SDK_REQ_ACTIVITY
ADDED from src/main/AndroidManifest.xml:41:17-92
	android:name
		ADDED from src/main/AndroidManifest.xml:41:25-89
category#android.intent.category.DEFAULT
ADDED from src/main/AndroidManifest.xml:42:17-76
	android:name
		ADDED from src/main/AndroidManifest.xml:42:27-73
activity#monica.sina.test.demo.WBShareResponseActivity
ADDED from src/main/AndroidManifest.xml:45:9-50:20
	android:name
		ADDED from src/main/AndroidManifest.xml:45:19-79
intent-filter#android.intent.category.DEFAULT+com.sina.weibo.sdk.action.ACTION_SDK_RESP_ACTIVITY
ADDED from src/main/AndroidManifest.xml:46:13-49:29
action#com.sina.weibo.sdk.action.ACTION_SDK_RESP_ACTIVITY
ADDED from src/main/AndroidManifest.xml:47:17-93
	android:name
		ADDED from src/main/AndroidManifest.xml:47:25-90
activity#monica.sina.test.demo.WBSocialActivity
ADDED from src/main/AndroidManifest.xml:53:9-74
	android:name
		ADDED from src/main/AndroidManifest.xml:53:19-72
activity#monica.sina.test.demo.WBLoginLogoutActivity
ADDED from src/main/AndroidManifest.xml:56:9-80
	android:name
		ADDED from src/main/AndroidManifest.xml:56:19-77
activity#monica.sina.test.demo.openapi.WBOpenAPIActivity
ADDED from src/main/AndroidManifest.xml:59:9-84
	android:name
		ADDED from src/main/AndroidManifest.xml:59:19-81
activity#monica.sina.test.demo.openapi.WBUserAPIActivity
ADDED from src/main/AndroidManifest.xml:60:9-84
	android:name
		ADDED from src/main/AndroidManifest.xml:60:19-81
activity#monica.sina.test.demo.openapi.WBStatusAPIActivity
ADDED from src/main/AndroidManifest.xml:61:9-86
	android:name
		ADDED from src/main/AndroidManifest.xml:61:19-83
activity#monica.sina.test.demo.openapi.WBCommentAPIActivity
ADDED from src/main/AndroidManifest.xml:62:9-87
	android:name
		ADDED from src/main/AndroidManifest.xml:62:19-84
activity#monica.sina.test.demo.openapi.WBInviteAPIActivity
ADDED from src/main/AndroidManifest.xml:63:9-86
	android:name
		ADDED from src/main/AndroidManifest.xml:63:19-83
activity#monica.sina.test.demo.openapi.WBLogoutAPIActivity
ADDED from src/main/AndroidManifest.xml:64:9-86
	android:name
		ADDED from src/main/AndroidManifest.xml:64:19-83
activity#com.sina.weibo.sdk.component.WeiboSdkBrowser
ADDED from src/main/AndroidManifest.xml:71:9-75:20
	android:exported
		ADDED from src/main/AndroidManifest.xml:74:13-37
	android:windowSoftInputMode
		ADDED from src/main/AndroidManifest.xml:73:13-55
	android:configChanges
		ADDED from src/main/AndroidManifest.xml:72:13-63
	android:name
		ADDED from src/main/AndroidManifest.xml:71:19-78
activity#com.sina.weibo.sdk.register.mobile.MobileRegisterActivity
ADDED from src/main/AndroidManifest.xml:78:9-83:20
	android:screenOrientation
		ADDED from src/main/AndroidManifest.xml:80:13-49
	android:exported
		ADDED from src/main/AndroidManifest.xml:82:13-37
	android:windowSoftInputMode
		ADDED from src/main/AndroidManifest.xml:81:13-55
	android:configChanges
		ADDED from src/main/AndroidManifest.xml:79:13-63
	android:name
		ADDED from src/main/AndroidManifest.xml:78:19-91
activity#com.sina.weibo.sdk.register.mobile.SelectCountryActivity
ADDED from src/main/AndroidManifest.xml:86:9-90:20
	android:exported
		ADDED from src/main/AndroidManifest.xml:89:13-37
	android:windowSoftInputMode
		ADDED from src/main/AndroidManifest.xml:88:13-55
	android:configChanges
		ADDED from src/main/AndroidManifest.xml:87:13-63
	android:name
		ADDED from src/main/AndroidManifest.xml:86:19-90
activity#monica.sina.test.demo.WBGameActivity
ADDED from src/main/AndroidManifest.xml:93:9-97:20
	android:exported
		ADDED from src/main/AndroidManifest.xml:96:13-37
	android:windowSoftInputMode
		ADDED from src/main/AndroidManifest.xml:95:13-55
	android:configChanges
		ADDED from src/main/AndroidManifest.xml:94:13-63
	android:name
		ADDED from src/main/AndroidManifest.xml:93:19-70
activity#com.sina.weibo.sdk.demo.WBPayActivityOld
ADDED from src/main/AndroidManifest.xml:100:10-104:20
	android:exported
		ADDED from src/main/AndroidManifest.xml:103:13-37
	android:windowSoftInputMode
		ADDED from src/main/AndroidManifest.xml:102:13-55
	android:configChanges
		ADDED from src/main/AndroidManifest.xml:101:13-63
	android:name
		ADDED from src/main/AndroidManifest.xml:100:20-75
activity#monica.sina.test.demo.WBStatisticActivity
ADDED from src/main/AndroidManifest.xml:108:9-78
	android:name
		ADDED from src/main/AndroidManifest.xml:108:19-75
activity#monica.sina.test.demo.WBPayActivity
ADDED from src/main/AndroidManifest.xml:111:10-116:20
	android:name
		ADDED from src/main/AndroidManifest.xml:111:20-70
intent-filter#android.intent.category.DEFAULT+com.sina.weibo.sdk.action.ACTION_SDK_REQ_PAY_ACTIVITY
ADDED from src/main/AndroidManifest.xml:112:13-115:29
action#com.sina.weibo.sdk.action.ACTION_SDK_REQ_PAY_ACTIVITY
ADDED from src/main/AndroidManifest.xml:113:17-96
	android:name
		ADDED from src/main/AndroidManifest.xml:113:25-93
activity#monica.sina.test.demo.WBShareToMessageFriendActivity
ADDED from src/main/AndroidManifest.xml:118:9-131:20
	android:launchMode
		ADDED from src/main/AndroidManifest.xml:121:13-44
	android:exported
		ADDED from src/main/AndroidManifest.xml:122:13-36
	android:windowSoftInputMode
		ADDED from src/main/AndroidManifest.xml:120:13-55
	android:configChanges
		ADDED from src/main/AndroidManifest.xml:119:13-63
	android:name
		ADDED from src/main/AndroidManifest.xml:118:19-86
intent-filter#android.intent.action.VIEW+android.intent.category.BROWSABLE+android.intent.category.DEFAULT
ADDED from src/main/AndroidManifest.xml:124:11-129:27
action#android.intent.action.VIEW
ADDED from src/main/AndroidManifest.xml:125:17-69
	android:name
		ADDED from src/main/AndroidManifest.xml:125:25-66
category#android.intent.category.BROWSABLE
ADDED from src/main/AndroidManifest.xml:127:17-78
	android:name
		ADDED from src/main/AndroidManifest.xml:127:27-75
data
ADDED from src/main/AndroidManifest.xml:128:17-72
	android:host
		ADDED from src/main/AndroidManifest.xml:128:50-70
	android:scheme
		ADDED from src/main/AndroidManifest.xml:128:23-49
meta-data#WEIBO_APPKEY
ADDED from src/main/AndroidManifest.xml:133:9-135:42
	android:value
		ADDED from src/main/AndroidManifest.xml:135:13-39
	android:name
		ADDED from src/main/AndroidManifest.xml:134:13-40
meta-data#WEIBO_CHANNEL
ADDED from src/main/AndroidManifest.xml:136:9-138:37
	android:value
		ADDED from src/main/AndroidManifest.xml:138:13-34
	android:name
		ADDED from src/main/AndroidManifest.xml:137:13-41
service#com.sina.weibo.sdk.net.DownloadService
ADDED from src/main/AndroidManifest.xml:140:9-143:11
	android:exported
		ADDED from src/main/AndroidManifest.xml:142:13-37
	android:name
		ADDED from src/main/AndroidManifest.xml:141:13-66